<?xml version="1.0" encoding="UTF-8"?>
<!-- Generated by org.testng.reporters.JUnitXMLReporter -->
<testsuite ignored="0" hostname="DESKTOP-VBE86CG" failures="0" tests="5" name="Test" time="83.266" errors="0" timestamp="2024-07-09T22:11:22 IST">
  <testcase classname="Assignment1.Amazon_Using_Maven.TestCase1" name="Login_amazon" time="6.072"/>
  <testcase classname="Assignment1.Amazon_Using_Maven.TestCase2" name="Login_amazon_Home_Page" time="12.856"/>
  <testcase classname="Assignment1.Amazon_Using_Maven.TestCase3" name="Amazon_searchresult_page" time="20.796"/>
  <testcase classname="Assignment1.Amazon_Using_Maven.TestCase4" name="Amazon_product_Page" time="20.284"/>
  <testcase classname="Assignment1.Amazon_Using_Maven.TestCase5" name="Amazon_CheckOut_page" time="23.207"/>
</testsuite> <!-- Test -->
