<?xml version="1.0" encoding="UTF-8"?>
<!-- Generated by org.testng.reporters.JUnitXMLReporter -->
<testsuite ignored="0" hostname="DESKTOP-VBE86CG" failures="0" tests="5" name="Test" time="91.315" errors="0" timestamp="2024-07-17T21:46:24 IST">
  <testcase classname="Assignment1.Amazon_Using_Maven.TestCase1" name="Login_amazon" time="19.6"/>
  <testcase classname="Assignment1.Amazon_Using_Maven.TestCase2" name="Login_amazon_Home_Page" time="10.954"/>
  <testcase classname="Assignment1.Amazon_Using_Maven.TestCase3" name="Amazon_searchresult_page" time="18.836"/>
  <testcase classname="Assignment1.Amazon_Using_Maven.TestCase4" name="Amazon_product_Page" time="17.485"/>
  <testcase classname="Assignment1.Amazon_Using_Maven.TestCase5" name="Amazon_CheckOut_page" time="24.394"/>
</testsuite> <!-- Test -->
