<?xml version="1.0" encoding="UTF-8"?>
<testng-results ignored="0" total="5" passed="5" failed="0" skipped="0">
  <reporter-output>
  </reporter-output>
  <suite started-at="2024-07-17T21:44:53 IST" name="Suite" finished-at="2024-07-17T21:46:24 IST" duration-ms="91315">
    <groups>
    </groups>
    <test started-at="2024-07-17T21:44:53 IST" name="Test" finished-at="2024-07-17T21:46:24 IST" duration-ms="91315">
      <class name="Assignment1.Amazon_Using_Maven.TestCase3">
        <test-method signature="Amazon_searchresult_page()[pri:0, instance:Assignment1.Amazon_Using_Maven.TestCase3@2ed2d9cb]" started-at="2024-07-17T21:45:23 IST" name="Amazon_searchresult_page" finished-at="2024-07-17T21:45:42 IST" duration-ms="18836" status="PASS">
          <reporter-output>
          </reporter-output>
        </test-method> <!-- Amazon_searchresult_page -->
      </class> <!-- Assignment1.Amazon_Using_Maven.TestCase3 -->
      <class name="Assignment1.Amazon_Using_Maven.TestCase4">
        <test-method signature="Amazon_product_Page()[pri:0, instance:Assignment1.Amazon_Using_Maven.TestCase4@d5b810e]" started-at="2024-07-17T21:45:42 IST" name="Amazon_product_Page" finished-at="2024-07-17T21:45:59 IST" duration-ms="17485" status="PASS">
          <reporter-output>
          </reporter-output>
        </test-method> <!-- Amazon_product_Page -->
      </class> <!-- Assignment1.Amazon_Using_Maven.TestCase4 -->
      <class name="Assignment1.Amazon_Using_Maven.TestCase1">
        <test-method signature="Login_amazon()[pri:0, instance:Assignment1.Amazon_Using_Maven.TestCase1@18d87d80]" started-at="2024-07-17T21:44:53 IST" name="Login_amazon" finished-at="2024-07-17T21:45:12 IST" duration-ms="19600" status="PASS">
          <reporter-output>
          </reporter-output>
        </test-method> <!-- Login_amazon -->
      </class> <!-- Assignment1.Amazon_Using_Maven.TestCase1 -->
      <class name="Assignment1.Amazon_Using_Maven.TestCase2">
        <test-method signature="Login_amazon_Home_Page()[pri:0, instance:Assignment1.Amazon_Using_Maven.TestCase2@6392827e]" started-at="2024-07-17T21:45:12 IST" name="Login_amazon_Home_Page" finished-at="2024-07-17T21:45:23 IST" duration-ms="10954" status="PASS">
          <reporter-output>
          </reporter-output>
        </test-method> <!-- Login_amazon_Home_Page -->
      </class> <!-- Assignment1.Amazon_Using_Maven.TestCase2 -->
      <class name="Assignment1.Amazon_Using_Maven.TestCase5">
        <test-method signature="Amazon_CheckOut_page()[pri:0, instance:Assignment1.Amazon_Using_Maven.TestCase5@43dac38f]" started-at="2024-07-17T21:45:59 IST" name="Amazon_CheckOut_page" finished-at="2024-07-17T21:46:24 IST" duration-ms="24394" status="PASS">
          <reporter-output>
          </reporter-output>
        </test-method> <!-- Amazon_CheckOut_page -->
      </class> <!-- Assignment1.Amazon_Using_Maven.TestCase5 -->
    </test> <!-- Test -->
  </suite> <!-- Suite -->
</testng-results>
