<?xml version="1.0" encoding="UTF-8"?>
<testng-results ignored="0" total="1" passed="1" failed="0" skipped="0">
  <reporter-output>
  </reporter-output>
  <suite started-at="2024-07-09T22:15:08 IST" name="Default suite" finished-at="2024-07-09T22:15:13 IST" duration-ms="5009">
    <groups>
    </groups>
    <test started-at="2024-07-09T22:15:08 IST" name="Default test" finished-at="2024-07-09T22:15:13 IST" duration-ms="5009">
      <class name="Assignment1.Amazon_Using_Maven.TestCase1">
        <test-method signature="Login_amazon()[pri:0, instance:Assignment1.Amazon_Using_Maven.TestCase1@35aea049]" started-at="2024-07-09T22:15:08 IST" name="Login_amazon" finished-at="2024-07-09T22:15:13 IST" duration-ms="4983" status="PASS">
          <reporter-output>
          </reporter-output>
        </test-method> <!-- Login_amazon -->
      </class> <!-- Assignment1.Amazon_Using_Maven.TestCase1 -->
    </test> <!-- Default test -->
  </suite> <!-- Default suite -->
</testng-results>
